[     614ms] [WARNING] ⚠️ React Router Future Flag Warning: React Router will begin wrapping state updates in `React.startTransition` in v7. You can use the `v7_startTransition` future flag to opt-in early. For more information, see https://reactrouter.com/v6/upgrading/future#v7_starttransition. @ http://localhost:3000/node_modules/.vite/deps/react-router-dom.js?v=53ef45c2:4435
[     614ms] [WARNING] ⚠️ React Router Future Flag Warning: Relative route resolution within Splat routes is changing in v7. You can use the `v7_relativeSplatPath` future flag to opt-in early. For more information, see https://reactrouter.com/v6/upgrading/future#v7_relativesplatpath. @ http://localhost:3000/node_modules/.vite/deps/react-router-dom.js?v=53ef45c2:4435
[   17784ms] [ERROR] Warning: Function components cannot be given refs. Attempts to access this ref will fail. Did you mean to use React.forwardRef()?%s%s 

Check the render method of `Primitive.button.SlotClone`. 
    at Badge (http://localhost:3000/src/components/ui/badge.jsx:44:18)
    at http://localhost:3000/node_modules/.vite/deps/@radix-ui_react-tooltip.js?v=53ef45c2:145:13
    at http://localhost:3000/node_modules/.vite/deps/@radix-ui_react-tooltip.js?v=53ef45c2:122:13
    at http://localhost:3000/node_modules/.vite/deps/@radix-ui_react-tooltip.js?v=53ef45c2:235:13
    at http://localhost:3000/node_modules/.vite/deps/chunk-EMMABLZM.js?v=53ef45c2:2214:13
    at http://localhost:3000/node_modules/.vite/deps/chunk-EMMABLZM.js?v=53ef45c2:2191:13
    at http://localhost:3000/node_modules/.vite/deps/chunk-EMMABLZM.js?v=53ef45c2:2304:13
    at http://localhost:3000/node_modules/.vite/deps/chunk-EMMABLZM.js?v=53ef45c2:2329:13
    at http://localhost:3000/node_modules/.vite/deps/@radix-ui_react-tooltip.js?v=53ef45c2:394:13
    at Provider2 (http://localhost:3000/node_modules/.vite/deps/@radix-ui_react-tooltip.js?v=53ef45c2:60:15)
    at Provider (http://localhost:3000/node_modules/.vite/deps/chunk-EMMABLZM.js?v=53ef45c2:2129:15)
    at Popper (http://localhost:3000/node_modules/.vite/deps/chunk-EMMABLZM.js?v=53ef45c2:2321:11)
    at Tooltip (http://localhost:3000/node_modules/.vite/deps/@radix-ui_react-tooltip.js?v=53ef45c2:302:5)
    at Provider2 (http://localhost:3000/node_modules/.vite/deps/@radix-ui_react-tooltip.js?v=53ef45c2:60:15)
    at TooltipProvider (http://localhost:3000/node_modules/.vite/deps/@radix-ui_react-tooltip.js?v=53ef45c2:258:5)
    at div
    at BotStatusIndicator (http://localhost:3000/src/components/card/BotStatusIndicator.jsx:37:21)
    at div
    at div
    at div
    at UserReports (http://localhost:3000/src/views/guild/dashboard/index.jsx:55:22)
    at QueryHolderSkeleton (http://localhost:3000/src/contexts/components/AsyncContext.jsx:89:39)
    at ServerDetailProvider (http://localhost:3000/src/contexts/guild/GuildDetailContext.jsx:26:40)
    at Dashboard (http://localhost:3000/src/views/guild/dashboard/index.jsx:37:18)
    at RenderedRoute (http://localhost:3000/node_modules/.vite/deps/react-router-dom.js?v=53ef45c2:4131:5)
    at Outlet (http://localhost:3000/node_modules/.vite/deps/react-router-dom.js?v=53ef45c2:4537:26)
    at main
    at div
    at PageInfoProvider (http://localhost:3000/src/contexts/PageInfoContext.jsx:100:36)
    at div
    at RouteWrapper (http://localhost:3000/src/layouts/guild/index.jsx:38:25)
    at QueryHolderSkeleton (http://localhost:3000/src/contexts/components/AsyncContext.jsx:89:39)
    at UserDataProvider (http://localhost:3000/src/contexts/UserDataContext.jsx:23:36)
    at GuildBoard (http://localhost:3000/src/layouts/guild/index.jsx:132:18)
    at RenderedRoute (http://localhost:3000/node_modules/.vite/deps/react-router-dom.js?v=53ef45c2:4131:5)
    at Routes (http://localhost:3000/node_modules/.vite/deps/react-router-dom.js?v=53ef45c2:4601:5)
    at Suspense
    at Router (http://localhost:3000/node_modules/.vite/deps/react-router-dom.js?v=53ef45c2:4544:15)
    at BrowserRouter (http://localhost:3000/node_modules/.vite/deps/react-router-dom.js?v=53ef45c2:5290:5)
    at QueryHolder (http://localhost:3000/src/contexts/components/AsyncContext.jsx:22:31)
    at AppRouter (http://localhost:3000/src/main.jsx:89:22)
    at SettingsProvider (http://localhost:3000/src/contexts/SettingsContext.jsx:74:36)
    at QueryClientProvider (http://localhost:3000/node_modules/.vite/deps/@tanstack_react-query.js?v=53ef45c2:3168:3)
    at ErrorBoundary (http://localhost:3000/src/components/ErrorBoundary.jsx:9:5)
    at V (http://localhost:3000/node_modules/.vite/deps/next-themes.js?v=53ef45c2:44:25)
    at J (http://localhost:3000/node_modules/.vite/deps/next-themes.js?v=53ef45c2:42:18) @ http://localhost:3000/node_modules/.vite/deps/chunk-PNGJSGSD.js?v=53ef45c2:520
[   17794ms] [WARNING] WebSocket connection to 'ws://localhost:8080/ws' failed: WebSocket is closed before the connection is established. @ http://localhost:3000/src/hooks/useWebSocket.js:145
[   17824ms] [WARNING] [WS] Connection error Event @ http://localhost:3000/src/hooks/useWebSocket.js:78
[   17828ms] [ERROR] WebSocket connection to 'ws://localhost:8080/ws' failed: Error during WebSocket handshake: Unexpected response code: 404 @ http://localhost:3000/src/hooks/useWebSocket.js:39
[   17857ms] [WARNING] [WS] Connection error Event @ http://localhost:3000/src/hooks/useWebSocket.js:78
[   20835ms] [ERROR] WebSocket connection to 'ws://localhost:8080/ws' failed: Error during WebSocket handshake: Unexpected response code: 404 @ http://localhost:3000/src/hooks/useWebSocket.js:39
[   20835ms] [WARNING] [WS] Connection error Event @ http://localhost:3000/src/hooks/useWebSocket.js:78
[   25339ms] [ERROR] WebSocket connection to 'ws://localhost:8080/ws' failed: Error during WebSocket handshake: Unexpected response code: 404 @ http://localhost:3000/src/hooks/useWebSocket.js:39
[   25339ms] [WARNING] [WS] Connection error Event @ http://localhost:3000/src/hooks/useWebSocket.js:78
[   32105ms] [ERROR] WebSocket connection to 'ws://localhost:8080/ws' failed: Error during WebSocket handshake: Unexpected response code: 404 @ http://localhost:3000/src/hooks/useWebSocket.js:39
[   32105ms] [WARNING] [WS] Connection error Event @ http://localhost:3000/src/hooks/useWebSocket.js:78
[   42241ms] [ERROR] WebSocket connection to 'ws://localhost:8080/ws' failed: Error during WebSocket handshake: Unexpected response code: 404 @ http://localhost:3000/src/hooks/useWebSocket.js:39
[   42241ms] [WARNING] [WS] Connection error Event @ http://localhost:3000/src/hooks/useWebSocket.js:78
[   55213ms] [WARNING] ⚠️ React Router Future Flag Warning: React Router will begin wrapping state updates in `React.startTransition` in v7. You can use the `v7_startTransition` future flag to opt-in early. For more information, see https://reactrouter.com/v6/upgrading/future#v7_starttransition. @ http://localhost:3000/node_modules/.vite/deps/react-router-dom.js?v=53ef45c2:4435
[   55214ms] [WARNING] ⚠️ React Router Future Flag Warning: Relative route resolution within Splat routes is changing in v7. You can use the `v7_relativeSplatPath` future flag to opt-in early. For more information, see https://reactrouter.com/v6/upgrading/future#v7_relativesplatpath. @ http://localhost:3000/node_modules/.vite/deps/react-router-dom.js?v=53ef45c2:4435
[   55342ms] [ERROR] WebSocket connection to 'ws://localhost:8080/ws' failed: Error during WebSocket handshake: Unexpected response code: 404 @ http://localhost:3000/src/hooks/useWebSocket.js:39
[   55358ms] [WARNING] [WS] Connection error Event @ http://localhost:3000/src/hooks/useWebSocket.js:78
[   79307ms] [ERROR] WebSocket connection to 'ws://localhost:8080/ws' failed: Error during WebSocket handshake: Unexpected response code: 404 @ http://localhost:3000/src/hooks/useWebSocket.js:39
[   79307ms] [WARNING] [WS] Connection error Event @ http://localhost:3000/src/hooks/useWebSocket.js:78
[   85913ms] [WARNING] ⚠️ React Router Future Flag Warning: React Router will begin wrapping state updates in `React.startTransition` in v7. You can use the `v7_startTransition` future flag to opt-in early. For more information, see https://reactrouter.com/v6/upgrading/future#v7_starttransition. @ http://localhost:3000/node_modules/.vite/deps/react-router-dom.js?v=53ef45c2:4435
[   85913ms] [WARNING] ⚠️ React Router Future Flag Warning: Relative route resolution within Splat routes is changing in v7. You can use the `v7_relativeSplatPath` future flag to opt-in early. For more information, see https://reactrouter.com/v6/upgrading/future#v7_relativesplatpath. @ http://localhost:3000/node_modules/.vite/deps/react-router-dom.js?v=53ef45c2:4435
[   86003ms] [ERROR] WebSocket connection to 'ws://localhost:8080/ws' failed: Error during WebSocket handshake: Unexpected response code: 404 @ http://localhost:3000/src/hooks/useWebSocket.js:39
[   86018ms] [WARNING] [WS] Connection error Event @ http://localhost:3000/src/hooks/useWebSocket.js:78
[  227000ms] [ERROR] WebSocket connection to 'ws://localhost:8080/ws' failed: Error during WebSocket handshake: Unexpected response code: 404 @ http://localhost:3000/src/hooks/useWebSocket.js:39
[  227000ms] [WARNING] [WS] Connection error Event @ http://localhost:3000/src/hooks/useWebSocket.js:78
